#
# There is insufficient memory for the Java Runtime Environment to continue.
# Native memory allocation (mmap) failed to map 65536 bytes for Failed to commit metaspace.
# Possible reasons:
#   The system is out of physical RAM or swap space
#   The process is running with CompressedOops enabled, and the Java Heap may be blocking the growth of the native heap
# Possible solutions:
#   Reduce memory load on the system
#   Increase physical memory or swap space
#   Check if swap backing store is full
#   Decrease Java heap size (-Xmx/-Xms)
#   Decrease number of Java threads
#   Decrease Java thread stack sizes (-Xss)
#   Set larger code cache with -XX:ReservedCodeCacheSize=
#   JVM is running with Unscaled Compressed Oops mode in which the Java heap is
#     placed in the first 4GB address space. The Java Heap base address is the
#     maximum limit for the native heap growth. Please use -XX:HeapBaseMinAddress
#     to set the Java Heap base and to place the Java Heap above 4GB virtual address.
# This output file may be truncated or incomplete.
#
#  Out of Memory Error (virtualSpaceNode.cpp:110), pid=29932, tid=972
#
# JRE version: Java(TM) SE Runtime Environment (18.0.1+10) (build 18.0.1+10-24)
# Java VM: Java HotSpot(TM) 64-Bit Server VM (18.0.1+10-24, mixed mode, sharing, tiered, compressed oops, compressed class ptrs, g1 gc, windows-amd64)
# No core dump will be written. Minidumps are not enabled by default on client versions of Windows
#

---------------  S U M M A R Y ------------

Command Line: -Dfile.encoding=UTF-8 --module-path=C:\Users\ashis\Documents\NetBeansProjects\Hotel Management System\build\classes hotel.management.system.Room

Host: Intel(R) Core(TM) i3-5005U CPU @ 2.00GHz, 4 cores, 7G,  Windows 10 , 64 bit Build 19041 (10.0.19041.1806)
Time: Fri Aug  5 15:06:39 2022 Nepal Standard Time elapsed time: 0.313883 seconds (0d 0h 0m 0s)

---------------  T H R E A D  ---------------

Current thread (0x00000299baced110):  JavaThread "main" [_thread_in_vm, id=972, stack(0x000000b5a0900000,0x000000b5a0a00000)]

Stack: [0x000000b5a0900000,0x000000b5a0a00000]
Native frames: (J=compiled Java code, j=interpreted, Vv=VM code, C=native code)
V  [jvm.dll+0x69887a]
V  [jvm.dll+0x7f38bd]
V  [jvm.dll+0x7f51ce]
V  [jvm.dll+0x7f5883]
V  [jvm.dll+0x25ca3f]
V  [jvm.dll+0x7ef5cb]
V  [jvm.dll+0x63ea76]
V  [jvm.dll+0x1d721e]
V  [jvm.dll+0x64141b]
V  [jvm.dll+0x64121e]
V  [jvm.dll+0x63f43e]
V  [jvm.dll+0x25a45c]
V  [jvm.dll+0x6edb5d]
V  [jvm.dll+0x6ee58f]
V  [jvm.dll+0x392439]
V  [jvm.dll+0x76dd78]
V  [jvm.dll+0x76dbfa]
V  [jvm.dll+0x42d891]
V  [jvm.dll+0x4404a3]
C  [java.dll+0x1657]

Java frames: (J=compiled Java code, j=interpreted, Vv=VM code)
j  java.lang.ClassLoader.defineClass0(Ljava/lang/ClassLoader;Ljava/lang/Class;Ljava/lang/String;[BIILjava/security/ProtectionDomain;ZILjava/lang/Object;)Ljava/lang/Class;+0 java.base@18.0.1
j  java.lang.System$2.defineClass(Ljava/lang/ClassLoader;Ljava/lang/Class;Ljava/lang/String;[BLjava/security/ProtectionDomain;ZILjava/lang/Object;)Ljava/lang/Class;+17 java.base@18.0.1
j  java.lang.invoke.MethodHandles$Lookup$ClassDefiner.defineClass(ZLjava/lang/Object;)Ljava/lang/Class;+54 java.base@18.0.1
j  java.lang.invoke.InvokerBytecodeGenerator.loadMethod([B)Ljava/lang/invoke/MemberName;+19 java.base@18.0.1
j  java.lang.invoke.InvokerBytecodeGenerator.generateCustomizedCode(Ljava/lang/invoke/LambdaForm;Ljava/lang/invoke/MethodType;)Ljava/lang/invoke/MemberName;+30 java.base@18.0.1
j  java.lang.invoke.LambdaForm.compileToBytecode()V+69 java.base@18.0.1
j  java.lang.invoke.DirectMethodHandle.makePreparedLambdaForm(Ljava/lang/invoke/MethodType;I)Ljava/lang/invoke/LambdaForm;+792 java.base@18.0.1
j  java.lang.invoke.DirectMethodHandle.preparedLambdaForm(Ljava/lang/invoke/MethodType;I)Ljava/lang/invoke/LambdaForm;+17 java.base@18.0.1
j  java.lang.invoke.DirectMethodHandle.preparedLambdaForm(Ljava/lang/invoke/MemberName;Z)Ljava/lang/invoke/LambdaForm;+159 java.base@18.0.1
j  java.lang.invoke.DirectMethodHandle.preparedLambdaForm(Ljava/lang/invoke/MemberName;)Ljava/lang/invoke/LambdaForm;+2 java.base@18.0.1
j  java.lang.invoke.DirectMethodHandle.make(BLjava/lang/Class;Ljava/lang/invoke/MemberName;Ljava/lang/Class;)Ljava/lang/invoke/DirectMethodHandle;+163 java.base@18.0.1
j  java.lang.invoke.MethodHandles$Lookup.getDirectMethodCommon(BLjava/lang/Class;Ljava/lang/invoke/MemberName;ZZLjava/lang/invoke/MethodHandles$Lookup;)Ljava/lang/invoke/MethodHandle;+210 java.base@18.0.1
j  java.lang.invoke.MethodHandles$Lookup.getDirectMethodNoSecurityManager(BLjava/lang/Class;Ljava/lang/invoke/MemberName;Ljava/lang/invoke/MethodHandles$Lookup;)Ljava/lang/invoke/MethodHandle;+14 java.base@18.0.1
j  java.lang.invoke.MethodHandles$Lookup.getDirectMethodForConstant(BLjava/lang/Class;Ljava/lang/invoke/MemberName;)Ljava/lang/invoke/MethodHandle;+31 java.base@18.0.1
j  java.lang.invoke.MethodHandles$Lookup.linkMethodHandleConstant(BLjava/lang/Class;Ljava/lang/String;Ljava/lang/Object;)Ljava/lang/invoke/MethodHandle;+153 java.base@18.0.1
j  java.lang.invoke.MethodHandleNatives.linkMethodHandleConstant(Ljava/lang/Class;ILjava/lang/Class;Ljava/lang/String;Ljava/lang/Object;)Ljava/lang/invoke/MethodHandle;+38 java.base@18.0.1
v  ~StubRoutines::call_stub
j  sun.java2d.Disposer.<clinit>()V+104 java.desktop@18.0.1
v  ~StubRoutines::call_stub
j  sun.awt.windows.WToolkit.<init>()V+62 java.desktop@18.0.1
j  sun.awt.PlatformGraphicsInfo.createToolkit()Ljava/awt/Toolkit;+4 java.desktop@18.0.1
j  java.awt.Toolkit.getDefaultToolkit()Ljava/awt/Toolkit;+6 java.desktop@18.0.1
j  sun.java2d.d3d.D3DGraphicsDevice.<clinit>()V+0 java.desktop@18.0.1
v  ~StubRoutines::call_stub
j  sun.awt.Win32GraphicsEnvironment.makeScreenDevice(I)Ljava/awt/GraphicsDevice;+9 java.desktop@18.0.1
j  sun.java2d.SunGraphicsEnvironment.getScreenDevices()[Ljava/awt/GraphicsDevice;+30 java.desktop@18.0.1
j  sun.awt.Win32GraphicsEnvironment.getDefaultScreenDevice()Ljava/awt/GraphicsDevice;+1 java.desktop@18.0.1
j  java.awt.Window.initGC(Ljava/awt/GraphicsConfiguration;)Ljava/awt/GraphicsConfiguration;+10 java.desktop@18.0.1
j  java.awt.Window.init(Ljava/awt/GraphicsConfiguration;)V+45 java.desktop@18.0.1
j  java.awt.Window.<init>()V+114 java.desktop@18.0.1
j  java.awt.Frame.<init>(Ljava/lang/String;)V+1 java.desktop@18.0.1
j  java.awt.Frame.<init>()V+3 java.desktop@18.0.1
j  javax.swing.JFrame.<init>()V+1 java.desktop@18.0.1
j  hotel.management.system.Room.<init>()V+1
j  hotel.management.system.Room.main([Ljava/lang/String;)V+4
v  ~StubRoutines::call_stub

---------------  P R O C E S S  ---------------

Threads class SMR info:
_java_thread_list=0x00000299de86ea90, length=12, elements={
0x00000299baced110, 0x00000299da5292f0, 0x00000299da52a740, 0x00000299da543550,
0x00000299da544e10, 0x00000299da547eb0, 0x00000299da54c8b0, 0x00000299da550c10,
0x00000299da551640, 0x00000299da55e730, 0x00000299de8346f0, 0x00000299de8d8550
}

Java Threads: ( => current thread )
=>0x00000299baced110 JavaThread "main" [_thread_in_vm, id=972, stack(0x000000b5a0900000,0x000000b5a0a00000)]
  0x00000299da5292f0 JavaThread "Reference Handler" daemon [_thread_blocked, id=30544, stack(0x000000b5a1000000,0x000000b5a1100000)]
  0x00000299da52a740 JavaThread "Finalizer" daemon [_thread_blocked, id=22096, stack(0x000000b5a1100000,0x000000b5a1200000)]
  0x00000299da543550 JavaThread "Signal Dispatcher" daemon [_thread_blocked, id=13136, stack(0x000000b5a1200000,0x000000b5a1300000)]
  0x00000299da544e10 JavaThread "Attach Listener" daemon [_thread_blocked, id=9372, stack(0x000000b5a1300000,0x000000b5a1400000)]
  0x00000299da547eb0 JavaThread "Service Thread" daemon [_thread_blocked, id=15720, stack(0x000000b5a1400000,0x000000b5a1500000)]
  0x00000299da54c8b0 JavaThread "Monitor Deflation Thread" daemon [_thread_blocked, id=7760, stack(0x000000b5a1500000,0x000000b5a1600000)]
  0x00000299da550c10 JavaThread "C2 CompilerThread0" daemon [_thread_blocked, id=18280, stack(0x000000b5a1600000,0x000000b5a1700000)]
  0x00000299da551640 JavaThread "C1 CompilerThread0" daemon [_thread_blocked, id=3476, stack(0x000000b5a1700000,0x000000b5a1800000)]
  0x00000299da55e730 JavaThread "Sweeper thread" daemon [_thread_blocked, id=14664, stack(0x000000b5a1800000,0x000000b5a1900000)]
  0x00000299de8346f0 JavaThread "Common-Cleaner" daemon [_thread_blocked, id=2296, stack(0x000000b5a1900000,0x000000b5a1a00000)]
  0x00000299de8d8550 JavaThread "Notification Thread" daemon [_thread_blocked, id=15592, stack(0x000000b5a1a00000,0x000000b5a1b00000)]

Other Threads:
  0x00000299bad66a90 VMThread "VM Thread" [stack: 0x000000b5a0f00000,0x000000b5a1000000] [id=29168]
  0x00000299de8da240 WatcherThread "VM Periodic Task Thread" [stack: 0x000000b5a1b00000,0x000000b5a1c00000] [id=21936]
  0x00000299bad4bfb0 WorkerThread "GC Thread#0" [stack: 0x000000b5a0a00000,0x000000b5a0b00000] [id=21092]
  0x00000299bad5db40 ConcurrentGCThread "G1 Main Marker" [stack: 0x000000b5a0b00000,0x000000b5a0c00000] [id=19880]
  0x00000299bad5fbf0 WorkerThread "G1 Conc#0" [stack: 0x000000b5a0c00000,0x000000b5a0d00000] [id=10548]
  0x00000299bad9fcd0 ConcurrentGCThread "G1 Refine#0" [stack: 0x000000b5a0d00000,0x000000b5a0e00000] [id=11996]
  0x00000299bada04f0 ConcurrentGCThread "G1 Service" [stack: 0x000000b5a0e00000,0x000000b5a0f00000] [id=22176]

Threads with active compile tasks:

VM state: not at safepoint (normal execution)

VM Mutex/Monitor currently owned by a thread:  ([mutex/lock_event])
[0x00000299bace7e90] Metaspace_lock - owner thread: 0x00000299baced110

Heap address: 0x0000000081600000, size: 2026 MB, Compressed Oops mode: 32-bit

CDS archive(s) mapped at: [0x0000000800000000-0x0000000800ba0000-0x0000000800ba0000), size 12189696, SharedBaseAddress: 0x0000000800000000, ArchiveRelocationMode: 0.
Compressed class space mapped at: 0x0000000800c00000-0x0000000840c00000, reserved size: 1073741824
Narrow klass base: 0x0000000800000000, Narrow klass shift: 0, Narrow klass range: 0x100000000

GC Precious Log:
 CardTable entry size: 512
 Card Set container configuration: InlinePtr #cards 5 size 8 Array Of Cards #cards 12 size 40 Howl #buckets 4 coarsen threshold 1843 Howl Bitmap #cards 512 size 80 coarsen threshold 460 Card regions per heap region 1 cards per card region 2048
 CPUs: 4 total, 4 available
 Memory: 8096M
 Large Page Support: Disabled
 NUMA Support: Disabled
 Compressed Oops: Enabled (32-bit)
 Heap Region Size: 1M
 Heap Min Capacity: 8M
 Heap Initial Capacity: 128M
 Heap Max Capacity: 2026M
 Pre-touch: Disabled
 Parallel Workers: 4
 Concurrent Workers: 1
 Concurrent Refinement Workers: 4
 Periodic GC: Disabled

Heap:
 garbage-first heap   total 131072K, used 2048K [0x0000000081600000, 0x0000000100000000)
  region size 1024K, 3 young (3072K), 0 survivors (0K)
 Metaspace       used 2676K, committed 2816K, reserved 1114112K
  class space    used 246K, committed 320K, reserved 1048576K

Heap Regions: E=young(eden), S=young(survivor), O=old, HS=humongous(starts), HC=humongous(continues), CS=collection set, F=free, OA=open archive, CA=closed archive, TAMS=top-at-mark-start (previous, next)
|   0|0x0000000081600000, 0x0000000081600000, 0x0000000081700000|  0%| F|  |TAMS 0x0000000081600000, 0x0000000081600000| Untracked 
|   1|0x0000000081700000, 0x0000000081700000, 0x0000000081800000|  0%| F|  |TAMS 0x0000000081700000, 0x0000000081700000| Untracked 
|   2|0x0000000081800000, 0x0000000081800000, 0x0000000081900000|  0%| F|  |TAMS 0x0000000081800000, 0x0000000081800000| Untracked 
|   3|0x0000000081900000, 0x0000000081900000, 0x0000000081a00000|  0%| F|  |TAMS 0x0000000081900000, 0x0000000081900000| Untracked 
|   4|0x0000000081a00000, 0x0000000081a00000, 0x0000000081b00000|  0%| F|  |TAMS 0x0000000081a00000, 0x0000000081a00000| Untracked 
|   5|0x0000000081b00000, 0x0000000081b00000, 0x0000000081c00000|  0%| F|  |TAMS 0x0000000081b00000, 0x0000000081b00000| Untracked 
|   6|0x0000000081c00000, 0x0000000081c00000, 0x0000000081d00000|  0%| F|  |TAMS 0x0000000081c00000, 0x0000000081c00000| Untracked 
|   7|0x0000000081d00000, 0x0000000081d00000, 0x0000000081e00000|  0%| F|  |TAMS 0x0000000081d00000, 0x0000000081d00000| Untracked 
|   8|0x0000000081e00000, 0x0000000081e00000, 0x0000000081f00000|  0%| F|  |TAMS 0x0000000081e00000, 0x0000000081e00000| Untracked 
|   9|0x0000000081f00000, 0x0000000081f00000, 0x0000000082000000|  0%| F|  |TAMS 0x0000000081f00000, 0x0000000081f00000| Untracked 
|  10|0x0000000082000000, 0x0000000082000000, 0x0000000082100000|  0%| F|  |TAMS 0x0000000082000000, 0x0000000082000000| Untracked 
|  11|0x0000000082100000, 0x0000000082100000, 0x0000000082200000|  0%| F|  |TAMS 0x0000000082100000, 0x0000000082100000| Untracked 
|  12|0x0000000082200000, 0x0000000082200000, 0x0000000082300000|  0%| F|  |TAMS 0x0000000082200000, 0x0000000082200000| Untracked 
|  13|0x0000000082300000, 0x0000000082300000, 0x0000000082400000|  0%| F|  |TAMS 0x0000000082300000, 0x0000000082300000| Untracked 
|  14|0x0000000082400000, 0x0000000082400000, 0x0000000082500000|  0%| F|  |TAMS 0x0000000082400000, 0x0000000082400000| Untracked 
|  15|0x0000000082500000, 0x0000000082500000, 0x0000000082600000|  0%| F|  |TAMS 0x0000000082500000, 0x0000000082500000| Untracked 
|  16|0x0000000082600000, 0x0000000082600000, 0x0000000082700000|  0%| F|  |TAMS 0x0000000082600000, 0x0000000082600000| Untracked 
|  17|0x0000000082700000, 0x0000000082700000, 0x0000000082800000|  0%| F|  |TAMS 0x0000000082700000, 0x0000000082700000| Untracked 
|  18|0x0000000082800000, 0x0000000082800000, 0x0000000082900000|  0%| F|  |TAMS 0x0000000082800000, 0x0000000082800000| Untracked 
|  19|0x0000000082900000, 0x0000000082900000, 0x0000000082a00000|  0%| F|  |TAMS 0x0000000082900000, 0x0000000082900000| Untracked 
|  20|0x0000000082a00000, 0x0000000082a00000, 0x0000000082b00000|  0%| F|  |TAMS 0x0000000082a00000, 0x0000000082a00000| Untracked 
|  21|0x0000000082b00000, 0x0000000082b00000, 0x0000000082c00000|  0%| F|  |TAMS 0x0000000082b00000, 0x0000000082b00000| Untracked 
|  22|0x0000000082c00000, 0x0000000082c00000, 0x0000000082d00000|  0%| F|  |TAMS 0x0000000082c00000, 0x0000000082c00000| Untracked 
|  23|0x0000000082d00000, 0x0000000082d00000, 0x0000000082e00000|  0%| F|  |TAMS 0x0000000082d00000, 0x0000000082d00000| Untracked 
|  24|0x0000000082e00000, 0x0000000082e00000, 0x0000000082f00000|  0%| F|  |TAMS 0x0000000082e00000, 0x0000000082e00000| Untracked 
|  25|0x0000000082f00000, 0x0000000082f00000, 0x0000000083000000|  0%| F|  |TAMS 0x0000000082f00000, 0x0000000082f00000| Untracked 
|  26|0x0000000083000000, 0x0000000083000000, 0x0000000083100000|  0%| F|  |TAMS 0x0000000083000000, 0x0000000083000000| Untracked 
|  27|0x0000000083100000, 0x0000000083100000, 0x0000000083200000|  0%| F|  |TAMS 0x0000000083100000, 0x0000000083100000| Untracked 
|  28|0x0000000083200000, 0x0000000083200000, 0x0000000083300000|  0%| F|  |TAMS 0x0000000083200000, 0x0000000083200000| Untracked 
|  29|0x0000000083300000, 0x0000000083300000, 0x0000000083400000|  0%| F|  |TAMS 0x0000000083300000, 0x0000000083300000| Untracked 
|  30|0x0000000083400000, 0x0000000083400000, 0x0000000083500000|  0%| F|  |TAMS 0x0000000083400000, 0x0000000083400000| Untracked 
|  31|0x0000000083500000, 0x0000000083500000, 0x0000000083600000|  0%| F|  |TAMS 0x0000000083500000, 0x0000000083500000| Untracked 
|  32|0x0000000083600000, 0x0000000083600000, 0x0000000083700000|  0%| F|  |TAMS 0x0000000083600000, 0x0000000083600000| Untracked 
|  33|0x0000000083700000, 0x0000000083700000, 0x0000000083800000|  0%| F|  |TAMS 0x0000000083700000, 0x0000000083700000| Untracked 
|  34|0x0000000083800000, 0x0000000083800000, 0x0000000083900000|  0%| F|  |TAMS 0x0000000083800000, 0x0000000083800000| Untracked 
|  35|0x0000000083900000, 0x0000000083900000, 0x0000000083a00000|  0%| F|  |TAMS 0x0000000083900000, 0x0000000083900000| Untracked 
|  36|0x0000000083a00000, 0x0000000083a00000, 0x0000000083b00000|  0%| F|  |TAMS 0x0000000083a00000, 0x0000000083a00000| Untracked 
|  37|0x0000000083b00000, 0x0000000083b00000, 0x0000000083c00000|  0%| F|  |TAMS 0x0000000083b00000, 0x0000000083b00000| Untracked 
|  38|0x0000000083c00000, 0x0000000083c00000, 0x0000000083d00000|  0%| F|  |TAMS 0x0000000083c00000, 0x0000000083c00000| Untracked 
|  39|0x0000000083d00000, 0x0000000083d00000, 0x0000000083e00000|  0%| F|  |TAMS 0x0000000083d00000, 0x0000000083d00000| Untracked 
|  40|0x0000000083e00000, 0x0000000083e00000, 0x0000000083f00000|  0%| F|  |TAMS 0x0000000083e00000, 0x0000000083e00000| Untracked 
|  41|0x0000000083f00000, 0x0000000083f00000, 0x0000000084000000|  0%| F|  |TAMS 0x0000000083f00000, 0x0000000083f00000| Untracked 
|  42|0x0000000084000000, 0x0000000084000000, 0x0000000084100000|  0%| F|  |TAMS 0x0000000084000000, 0x0000000084000000| Untracked 
|  43|0x0000000084100000, 0x0000000084100000, 0x0000000084200000|  0%| F|  |TAMS 0x0000000084100000, 0x0000000084100000| Untracked 
|  44|0x0000000084200000, 0x0000000084200000, 0x0000000084300000|  0%| F|  |TAMS 0x0000000084200000, 0x0000000084200000| Untracked 
|  45|0x0000000084300000, 0x0000000084300000, 0x0000000084400000|  0%| F|  |TAMS 0x0000000084300000, 0x0000000084300000| Untracked 
|  46|0x0000000084400000, 0x0000000084400000, 0x0000000084500000|  0%| F|  |TAMS 0x0000000084400000, 0x0000000084400000| Untracked 
|  47|0x0000000084500000, 0x0000000084500000, 0x0000000084600000|  0%| F|  |TAMS 0x0000000084500000, 0x0000000084500000| Untracked 
|  48|0x0000000084600000, 0x0000000084600000, 0x0000000084700000|  0%| F|  |TAMS 0x0000000084600000, 0x0000000084600000| Untracked 
|  49|0x0000000084700000, 0x0000000084700000, 0x0000000084800000|  0%| F|  |TAMS 0x0000000084700000, 0x0000000084700000| Untracked 
|  50|0x0000000084800000, 0x0000000084800000, 0x0000000084900000|  0%| F|  |TAMS 0x0000000084800000, 0x0000000084800000| Untracked 
|  51|0x0000000084900000, 0x0000000084900000, 0x0000000084a00000|  0%| F|  |TAMS 0x0000000084900000, 0x0000000084900000| Untracked 
|  52|0x0000000084a00000, 0x0000000084a00000, 0x0000000084b00000|  0%| F|  |TAMS 0x0000000084a00000, 0x0000000084a00000| Untracked 
|  53|0x0000000084b00000, 0x0000000084b00000, 0x0000000084c00000|  0%| F|  |TAMS 0x0000000084b00000, 0x0000000084b00000| Untracked 
|  54|0x0000000084c00000, 0x0000000084c00000, 0x0000000084d00000|  0%| F|  |TAMS 0x0000000084c00000, 0x0000000084c00000| Untracked 
|  55|0x0000000084d00000, 0x0000000084d00000, 0x0000000084e00000|  0%| F|  |TAMS 0x0000000084d00000, 0x0000000084d00000| Untracked 
|  56|0x0000000084e00000, 0x0000000084e00000, 0x0000000084f00000|  0%| F|  |TAMS 0x0000000084e00000, 0x0000000084e00000| Untracked 
|  57|0x0000000084f00000, 0x0000000084f00000, 0x0000000085000000|  0%| F|  |TAMS 0x0000000084f00000, 0x0000000084f00000| Untracked 
|  58|0x0000000085000000, 0x0000000085000000, 0x0000000085100000|  0%| F|  |TAMS 0x0000000085000000, 0x0000000085000000| Untracked 
|  59|0x0000000085100000, 0x0000000085100000, 0x0000000085200000|  0%| F|  |TAMS 0x0000000085100000, 0x0000000085100000| Untracked 
|  60|0x0000000085200000, 0x0000000085200000, 0x0000000085300000|  0%| F|  |TAMS 0x0000000085200000, 0x0000000085200000| Untracked 
|  61|0x0000000085300000, 0x0000000085300000, 0x0000000085400000|  0%| F|  |TAMS 0x0000000085300000, 0x0000000085300000| Untracked 
|  62|0x0000000085400000, 0x0000000085400000, 0x0000000085500000|  0%| F|  |TAMS 0x0000000085400000, 0x0000000085400000| Untracked 
|  63|0x0000000085500000, 0x0000000085500000, 0x0000000085600000|  0%| F|  |TAMS 0x0000000085500000, 0x0000000085500000| Untracked 
|  64|0x0000000085600000, 0x0000000085600000, 0x0000000085700000|  0%| F|  |TAMS 0x0000000085600000, 0x0000000085600000| Untracked 
|  65|0x0000000085700000, 0x0000000085700000, 0x0000000085800000|  0%| F|  |TAMS 0x0000000085700000, 0x0000000085700000| Untracked 
|  66|0x0000000085800000, 0x0000000085800000, 0x0000000085900000|  0%| F|  |TAMS 0x0000000085800000, 0x0000000085800000| Untracked 
|  67|0x0000000085900000, 0x0000000085900000, 0x0000000085a00000|  0%| F|  |TAMS 0x0000000085900000, 0x0000000085900000| Untracked 
|  68|0x0000000085a00000, 0x0000000085a00000, 0x0000000085b00000|  0%| F|  |TAMS 0x0000000085a00000, 0x0000000085a00000| Untracked 
|  69|0x0000000085b00000, 0x0000000085b00000, 0x0000000085c00000|  0%| F|  |TAMS 0x0000000085b00000, 0x0000000085b00000| Untracked 
|  70|0x0000000085c00000, 0x0000000085c00000, 0x0000000085d00000|  0%| F|  |TAMS 0x0000000085c00000, 0x0000000085c00000| Untracked 
|  71|0x0000000085d00000, 0x0000000085d00000, 0x0000000085e00000|  0%| F|  |TAMS 0x0000000085d00000, 0x0000000085d00000| Untracked 
|  72|0x0000000085e00000, 0x0000000085e00000, 0x0000000085f00000|  0%| F|  |TAMS 0x0000000085e00000, 0x0000000085e00000| Untracked 
|  73|0x0000000085f00000, 0x0000000085f00000, 0x0000000086000000|  0%| F|  |TAMS 0x0000000085f00000, 0x0000000085f00000| Untracked 
|  74|0x0000000086000000, 0x0000000086000000, 0x0000000086100000|  0%| F|  |TAMS 0x0000000086000000, 0x0000000086000000| Untracked 
|  75|0x0000000086100000, 0x0000000086100000, 0x0000000086200000|  0%| F|  |TAMS 0x0000000086100000, 0x0000000086100000| Untracked 
|  76|0x0000000086200000, 0x0000000086200000, 0x0000000086300000|  0%| F|  |TAMS 0x0000000086200000, 0x0000000086200000| Untracked 
|  77|0x0000000086300000, 0x0000000086300000, 0x0000000086400000|  0%| F|  |TAMS 0x0000000086300000, 0x0000000086300000| Untracked 
|  78|0x0000000086400000, 0x0000000086400000, 0x0000000086500000|  0%| F|  |TAMS 0x0000000086400000, 0x0000000086400000| Untracked 
|  79|0x0000000086500000, 0x0000000086500000, 0x0000000086600000|  0%| F|  |TAMS 0x0000000086500000, 0x0000000086500000| Untracked 
|  80|0x0000000086600000, 0x0000000086600000, 0x0000000086700000|  0%| F|  |TAMS 0x0000000086600000, 0x0000000086600000| Untracked 
|  81|0x0000000086700000, 0x0000000086700000, 0x0000000086800000|  0%| F|  |TAMS 0x0000000086700000, 0x0000000086700000| Untracked 
|  82|0x0000000086800000, 0x0000000086800000, 0x0000000086900000|  0%| F|  |TAMS 0x0000000086800000, 0x0000000086800000| Untracked 
|  83|0x0000000086900000, 0x0000000086900000, 0x0000000086a00000|  0%| F|  |TAMS 0x0000000086900000, 0x0000000086900000| Untracked 
|  84|0x0000000086a00000, 0x0000000086a00000, 0x0000000086b00000|  0%| F|  |TAMS 0x0000000086a00000, 0x0000000086a00000| Untracked 
|  85|0x0000000086b00000, 0x0000000086b00000, 0x0000000086c00000|  0%| F|  |TAMS 0x0000000086b00000, 0x0000000086b00000| Untracked 
|  86|0x0000000086c00000, 0x0000000086c00000, 0x0000000086d00000|  0%| F|  |TAMS 0x0000000086c00000, 0x0000000086c00000| Untracked 
|  87|0x0000000086d00000, 0x0000000086d00000, 0x0000000086e00000|  0%| F|  |TAMS 0x0000000086d00000, 0x0000000086d00000| Untracked 
|  88|0x0000000086e00000, 0x0000000086e00000, 0x0000000086f00000|  0%| F|  |TAMS 0x0000000086e00000, 0x0000000086e00000| Untracked 
|  89|0x0000000086f00000, 0x0000000086f00000, 0x0000000087000000|  0%| F|  |TAMS 0x0000000086f00000, 0x0000000086f00000| Untracked 
|  90|0x0000000087000000, 0x0000000087000000, 0x0000000087100000|  0%| F|  |TAMS 0x0000000087000000, 0x0000000087000000| Untracked 
|  91|0x0000000087100000, 0x0000000087100000, 0x0000000087200000|  0%| F|  |TAMS 0x0000000087100000, 0x0000000087100000| Untracked 
|  92|0x0000000087200000, 0x0000000087200000, 0x0000000087300000|  0%| F|  |TAMS 0x0000000087200000, 0x0000000087200000| Untracked 
|  93|0x0000000087300000, 0x0000000087300000, 0x0000000087400000|  0%| F|  |TAMS 0x0000000087300000, 0x0000000087300000| Untracked 
|  94|0x0000000087400000, 0x0000000087400000, 0x0000000087500000|  0%| F|  |TAMS 0x0000000087400000, 0x0000000087400000| Untracked 
|  95|0x0000000087500000, 0x0000000087500000, 0x0000000087600000|  0%| F|  |TAMS 0x0000000087500000, 0x0000000087500000| Untracked 
|  96|0x0000000087600000, 0x0000000087600000, 0x0000000087700000|  0%| F|  |TAMS 0x0000000087600000, 0x0000000087600000| Untracked 
|  97|0x0000000087700000, 0x0000000087700000, 0x0000000087800000|  0%| F|  |TAMS 0x0000000087700000, 0x0000000087700000| Untracked 
|  98|0x0000000087800000, 0x0000000087800000, 0x0000000087900000|  0%| F|  |TAMS 0x0000000087800000, 0x0000000087800000| Untracked 
|  99|0x0000000087900000, 0x0000000087900000, 0x0000000087a00000|  0%| F|  |TAMS 0x0000000087900000, 0x0000000087900000| Untracked 
| 100|0x0000000087a00000, 0x0000000087a00000, 0x0000000087b00000|  0%| F|  |TAMS 0x0000000087a00000, 0x0000000087a00000| Untracked 
| 101|0x0000000087b00000, 0x0000000087b00000, 0x0000000087c00000|  0%| F|  |TAMS 0x0000000087b00000, 0x0000000087b00000| Untracked 
| 102|0x0000000087c00000, 0x0000000087c00000, 0x0000000087d00000|  0%| F|  |TAMS 0x0000000087c00000, 0x0000000087c00000| Untracked 
| 103|0x0000000087d00000, 0x0000000087d00000, 0x0000000087e00000|  0%| F|  |TAMS 0x0000000087d00000, 0x0000000087d00000| Untracked 
| 104|0x0000000087e00000, 0x0000000087e00000, 0x0000000087f00000|  0%| F|  |TAMS 0x0000000087e00000, 0x0000000087e00000| Untracked 
| 105|0x0000000087f00000, 0x0000000087f00000, 0x0000000088000000|  0%| F|  |TAMS 0x0000000087f00000, 0x0000000087f00000| Untracked 
| 106|0x0000000088000000, 0x0000000088000000, 0x0000000088100000|  0%| F|  |TAMS 0x0000000088000000, 0x0000000088000000| Untracked 
| 107|0x0000000088100000, 0x0000000088100000, 0x0000000088200000|  0%| F|  |TAMS 0x0000000088100000, 0x0000000088100000| Untracked 
| 108|0x0000000088200000, 0x0000000088200000, 0x0000000088300000|  0%| F|  |TAMS 0x0000000088200000, 0x0000000088200000| Untracked 
| 109|0x0000000088300000, 0x0000000088300000, 0x0000000088400000|  0%| F|  |TAMS 0x0000000088300000, 0x0000000088300000| Untracked 
| 110|0x0000000088400000, 0x0000000088400000, 0x0000000088500000|  0%| F|  |TAMS 0x0000000088400000, 0x0000000088400000| Untracked 
| 111|0x0000000088500000, 0x0000000088500000, 0x0000000088600000|  0%| F|  |TAMS 0x0000000088500000, 0x0000000088500000| Untracked 
| 112|0x0000000088600000, 0x0000000088600000, 0x0000000088700000|  0%| F|  |TAMS 0x0000000088600000, 0x0000000088600000| Untracked 
| 113|0x0000000088700000, 0x0000000088700000, 0x0000000088800000|  0%| F|  |TAMS 0x0000000088700000, 0x0000000088700000| Untracked 
| 114|0x0000000088800000, 0x0000000088800000, 0x0000000088900000|  0%| F|  |TAMS 0x0000000088800000, 0x0000000088800000| Untracked 
| 115|0x0000000088900000, 0x0000000088900000, 0x0000000088a00000|  0%| F|  |TAMS 0x0000000088900000, 0x0000000088900000| Untracked 
| 116|0x0000000088a00000, 0x0000000088a00000, 0x0000000088b00000|  0%| F|  |TAMS 0x0000000088a00000, 0x0000000088a00000| Untracked 
| 117|0x0000000088b00000, 0x0000000088b00000, 0x0000000088c00000|  0%| F|  |TAMS 0x0000000088b00000, 0x0000000088b00000| Untracked 
| 118|0x0000000088c00000, 0x0000000088c00000, 0x0000000088d00000|  0%| F|  |TAMS 0x0000000088c00000, 0x0000000088c00000| Untracked 
| 119|0x0000000088d00000, 0x0000000088d00000, 0x0000000088e00000|  0%| F|  |TAMS 0x0000000088d00000, 0x0000000088d00000| Untracked 
| 120|0x0000000088e00000, 0x0000000088e00000, 0x0000000088f00000|  0%| F|  |TAMS 0x0000000088e00000, 0x0000000088e00000| Untracked 
| 121|0x0000000088f00000, 0x0000000088f00000, 0x0000000089000000|  0%| F|  |TAMS 0x0000000088f00000, 0x0000000088f00000| Untracked 
| 122|0x0000000089000000, 0x0000000089000000, 0x0000000089100000|  0%| F|  |TAMS 0x0000000089000000, 0x0000000089000000| Untracked 
| 123|0x0000000089100000, 0x0000000089100000, 0x0000000089200000|  0%| F|  |TAMS 0x0000000089100000, 0x0000000089100000| Untracked 
| 124|0x0000000089200000, 0x0000000089200000, 0x0000000089300000|  0%| F|  |TAMS 0x0000000089200000, 0x0000000089200000| Untracked 
| 125|0x0000000089300000, 0x0000000089400000, 0x0000000089400000|100%| E|  |TAMS 0x0000000089300000, 0x0000000089300000| Complete 
| 126|0x0000000089400000, 0x0000000089500000, 0x0000000089500000|100%| E|CS|TAMS 0x0000000089400000, 0x0000000089400000| Complete 
| 127|0x0000000089500000, 0x0000000089600000, 0x0000000089600000|100%| E|CS|TAMS 0x0000000089500000, 0x0000000089500000| Complete 

Card table byte_map: [0x00000299d3800000,0x00000299d3c00000] _byte_map_base: 0x00000299d33f5000

Marking Bits (Prev, Next): (CMBitMap*) 0x00000299bad4d4d0, (CMBitMap*) 0x00000299bad4d510
 Prev Bits: [0x00000299d4000000, 0x00000299d5fa8000)
 Next Bits: [0x00000299d5fb0000, 0x00000299d7f58000)

Polling page: 0x00000299bab60000

Metaspace:

Usage:
  Non-class:      2.37 MB used.
      Class:    246.34 KB used.
       Both:      2.61 MB used.

Virtual space:
  Non-class space:       64.00 MB reserved,       2.44 MB (  4%) committed,  1 nodes.
      Class space:        1.00 GB reserved,     320.00 KB ( <1%) committed,  1 nodes.
             Both:        1.06 GB reserved,       2.75 MB ( <1%) committed. 

Chunk freelists:
   Non-Class:  3.94 MB
       Class:  3.71 MB
        Both:  7.65 MB

MaxMetaspaceSize: unlimited
CompressedClassSpaceSize: 1.00 GB
Initial GC threshold: 21.00 MB
Current GC threshold: 21.00 MB
CDS: on
MetaspaceReclaimPolicy: balanced
 - commit_granule_bytes: 65536.
 - commit_granule_words: 8192.
 - virtual_space_node_default_size: 8388608.
 - enlarge_chunks_in_place: 1.
 - new_chunks_are_fully_committed: 0.
 - uncommit_free_chunks: 1.
 - use_allocation_guard: 0.


Internal statistics:

num_allocs_failed_limit: 0.
num_arena_births: 60.
num_arena_deaths: 0.
num_vsnodes_births: 2.
num_vsnodes_deaths: 0.
num_space_committed: 44.
num_space_uncommitted: 0.
num_chunks_returned_to_freelist: 0.
num_chunks_taken_from_freelist: 69.
num_chunk_merges: 0.
num_chunk_splits: 45.
num_chunks_enlarged: 21.
num_inconsistent_stats: 0.

CodeHeap 'non-profiled nmethods': size=120000Kb used=120Kb max_used=120Kb free=119879Kb
 bounds [0x00000299cb8b0000, 0x00000299cbb20000, 0x00000299d2de0000]
CodeHeap 'profiled nmethods': size=120000Kb used=501Kb max_used=501Kb free=119498Kb
 bounds [0x00000299c4380000, 0x00000299c45f0000, 0x00000299cb8b0000]
CodeHeap 'non-nmethods': size=5760Kb used=1177Kb max_used=1177Kb free=4582Kb
 bounds [0x00000299c3de0000, 0x00000299c4050000, 0x00000299c4380000]
 total_blobs=845 nmethods=383 adapters=375
 compilation: enabled
              stopped_count=0, restarted_count=0
 full_count=0

Compilation events (20 events):
Event: 0.256 Thread 0x00000299da551640  375       3       java.lang.invoke.LambdaForm$Name::replaceNames (175 bytes)
Event: 0.257 Thread 0x00000299da551640 nmethod 375 0x00000299c43f4c90 code [0x00000299c43f4ec0, 0x00000299c43f5ad8]
Event: 0.257 Thread 0x00000299da551640  371       3       sun.invoke.util.VerifyType::isNullType (18 bytes)
Event: 0.257 Thread 0x00000299da551640 nmethod 371 0x00000299c43f5e10 code [0x00000299c43f5fc0, 0x00000299c43f6198]
Event: 0.257 Thread 0x00000299da551640  376       3       java.lang.invoke.MemberName::getInvocationType (56 bytes)
Event: 0.258 Thread 0x00000299da551640 nmethod 376 0x00000299c43f6210 code [0x00000299c43f6440, 0x00000299c43f6d68]
Event: 0.258 Thread 0x00000299da551640  380       3       java.lang.invoke.LambdaForm::parameterType (9 bytes)
Event: 0.258 Thread 0x00000299da551640 nmethod 380 0x00000299c43f7010 code [0x00000299c43f71c0, 0x00000299c43f7308]
Event: 0.258 Thread 0x00000299da551640  377       3       java.lang.invoke.InvokerBytecodeGenerator::emitPushArgument (150 bytes)
Event: 0.260 Thread 0x00000299da551640 nmethod 377 0x00000299c43f7410 code [0x00000299c43f76e0, 0x00000299c43f85c8]
Event: 0.260 Thread 0x00000299da551640  374       3       java.lang.invoke.LambdaFormBuffer::ownedCount (7 bytes)
Event: 0.260 Thread 0x00000299da551640 nmethod 374 0x00000299c43f8990 code [0x00000299c43f8b20, 0x00000299c43f8c38]
Event: 0.272 Thread 0x00000299da551640  381       3       java.lang.invoke.MemberName$Factory::resolveOrFail (79 bytes)
Event: 0.273 Thread 0x00000299da551640 nmethod 381 0x00000299c43f8d10 code [0x00000299c43f8f20, 0x00000299c43f96b8]
Event: 0.273 Thread 0x00000299da551640  382       3       sun.invoke.util.VerifyAccess::isSamePackage (37 bytes)
Event: 0.273 Thread 0x00000299da551640 nmethod 382 0x00000299c43f9990 code [0x00000299c43f9ba0, 0x00000299c43fa158]
Event: 0.289 Thread 0x00000299da551640  383       3       jdk.internal.org.objectweb.asm.Type::getArgumentsAndReturnSizes (140 bytes)
Event: 0.292 Thread 0x00000299da551640 nmethod 383 0x00000299c43fa390 code [0x00000299c43fa760, 0x00000299c43fc598]
Event: 0.292 Thread 0x00000299da551640  384       3       jdk.internal.org.objectweb.asm.ByteVector::putInt (74 bytes)
Event: 0.292 Thread 0x00000299da551640 nmethod 384 0x00000299c43fd110 code [0x00000299c43fd2c0, 0x00000299c43fd528]

GC Heap History (0 events):
No events

Deoptimization events (0 events):
No events

Classes loaded (20 events):
Event: 0.285 Loading class java/beans/ChangeListenerMap done
Event: 0.285 Loading class java/beans/PropertyChangeSupport$PropertyChangeListenerMap done
Event: 0.285 Loading class java/beans/PropertyChangeListener
Event: 0.285 Loading class java/beans/PropertyChangeListener done
Event: 0.285 Loading class sun/awt/SunToolkit$ModalityListenerList
Event: 0.285 Loading class sun/awt/ModalityListener
Event: 0.285 Loading class sun/awt/ModalityListener done
Event: 0.285 Loading class sun/awt/SunToolkit$ModalityListenerList done
Event: 0.285 Loading class sun/awt/util/PerformanceLogger
Event: 0.286 Loading class sun/awt/util/PerformanceLogger done
Event: 0.286 Loading class sun/awt/util/PerformanceLogger$TimeData
Event: 0.286 Loading class sun/awt/util/PerformanceLogger$TimeData done
Event: 0.286 Loading class sun/awt/windows/WToolkit$ToolkitDisposer
Event: 0.286 Loading class sun/java2d/DisposerRecord
Event: 0.286 Loading class sun/java2d/DisposerRecord done
Event: 0.286 Loading class sun/awt/windows/WToolkit$ToolkitDisposer done
Event: 0.287 Loading class sun/java2d/Disposer
Event: 0.287 Loading class sun/java2d/Disposer done
Event: 0.287 Loading class sun/java2d/Disposer$1
Event: 0.287 Loading class sun/java2d/Disposer$1 done

Classes unloaded (0 events):
No events

Classes redefined (0 events):
No events

Internal exceptions (8 events):
Event: 0.102 Thread 0x00000299baced110 Exception <a 'sun/nio/fs/WindowsException'{0x000000008943aa00}> (0x000000008943aa00) 
thrown [s\open\src\hotspot\share\prims\jni.cpp, line 516]
Event: 0.102 Thread 0x00000299baced110 Exception <a 'sun/nio/fs/WindowsException'{0x000000008943af80}> (0x000000008943af80) 
thrown [s\open\src\hotspot\share\prims\jni.cpp, line 516]
Event: 0.105 Thread 0x00000299baced110 Exception <a 'sun/nio/fs/WindowsException'{0x000000008943d3d8}> (0x000000008943d3d8) 
thrown [s\open\src\hotspot\share\prims\jni.cpp, line 516]
Event: 0.105 Thread 0x00000299baced110 Exception <a 'sun/nio/fs/WindowsException'{0x000000008943dee8}> (0x000000008943dee8) 
thrown [s\open\src\hotspot\share\prims\jni.cpp, line 516]
Event: 0.181 Thread 0x00000299baced110 Exception <a 'java/lang/ClassNotFoundException'{0x0000000089303448}: sun/awt/resources/spi/awtProvider> (0x0000000089303448) 
thrown [s\open\src\hotspot\share\classfile\systemDictionary.cpp, line 255]
Event: 0.214 Thread 0x00000299baced110 Exception <a 'java/io/FileNotFoundException'{0x0000000089356e18}> (0x0000000089356e18) 
thrown [s\open\src\hotspot\share\prims\jni.cpp, line 516]
Event: 0.227 Thread 0x00000299baced110 Exception <a 'java/io/FileNotFoundException'{0x0000000089383f00}> (0x0000000089383f00) 
thrown [s\open\src\hotspot\share\prims\jni.cpp, line 516]
Event: 0.288 Thread 0x00000299baced110 Exception <a 'java/lang/NoSuchMethodError'{0x00000000893c8728}: 'java.lang.Object java.lang.invoke.DirectMethodHandle$Holder.invokeStaticInit(java.lang.Object)'> (0x00000000893c8728) 
thrown [s\open\src\hotspot\share\interpreter\linkResolver.cpp, line 766]

VM Operations (2 events):
Event: 0.107 Executing VM operation: HandshakeAllThreads
Event: 0.107 Executing VM operation: HandshakeAllThreads done

Events (19 events):
Event: 0.010 Loaded shared library C:\Program Files\Java\jdk-18.0.1\bin\java.dll
Event: 0.024 Loaded shared library C:\Program Files\Java\jdk-18.0.1\bin\jsvml.dll
Event: 0.024 Thread 0x00000299baced110 Thread added: 0x00000299baced110
Event: 0.027 Thread 0x00000299da5292f0 Thread added: 0x00000299da5292f0
Event: 0.028 Thread 0x00000299da52a740 Thread added: 0x00000299da52a740
Event: 0.042 Thread 0x00000299da543550 Thread added: 0x00000299da543550
Event: 0.042 Thread 0x00000299da544e10 Thread added: 0x00000299da544e10
Event: 0.042 Thread 0x00000299da547eb0 Thread added: 0x00000299da547eb0
Event: 0.042 Thread 0x00000299da54c8b0 Thread added: 0x00000299da54c8b0
Event: 0.042 Thread 0x00000299da550c10 Thread added: 0x00000299da550c10
Event: 0.043 Thread 0x00000299da551640 Thread added: 0x00000299da551640
Event: 0.044 Thread 0x00000299da55e730 Thread added: 0x00000299da55e730
Event: 0.077 Thread 0x00000299de8346f0 Thread added: 0x00000299de8346f0
Event: 0.097 Loaded shared library C:\Program Files\Java\jdk-18.0.1\bin\net.dll
Event: 0.099 Loaded shared library C:\Program Files\Java\jdk-18.0.1\bin\nio.dll
Event: 0.125 Thread 0x00000299de8d8550 Thread added: 0x00000299de8d8550
Event: 0.134 Loaded shared library C:\Program Files\Java\jdk-18.0.1\bin\zip.dll
Event: 0.173 Loaded shared library C:\Program Files\Java\jdk-18.0.1\bin\jimage.dll
Event: 0.196 Loaded shared library C:\Program Files\Java\jdk-18.0.1\bin\awt.dll


Dynamic libraries:
0x00007ff6bf160000 - 0x00007ff6bf170000 	C:\Program Files\Java\jdk-18.0.1\bin\java.exe
0x00007ff9ecdf0000 - 0x00007ff9ecfe8000 	C:\WINDOWS\SYSTEM32\ntdll.dll
0x00007ff9eb430000 - 0x00007ff9eb4ed000 	C:\WINDOWS\System32\KERNEL32.DLL
0x00007ff9eab80000 - 0x00007ff9eae4e000 	C:\WINDOWS\System32\KERNELBASE.dll
0x00007ff9ea9f0000 - 0x00007ff9eaaf0000 	C:\WINDOWS\System32\ucrtbase.dll
0x00007ff9d9520000 - 0x00007ff9d9538000 	C:\Program Files\Java\jdk-18.0.1\bin\jli.dll
0x00007ff9e3250000 - 0x00007ff9e326a000 	C:\Program Files\Java\jdk-18.0.1\bin\VCRUNTIME140.dll
0x00007ff9eafc0000 - 0x00007ff9eb06e000 	C:\WINDOWS\System32\ADVAPI32.dll
0x00007ff9ec970000 - 0x00007ff9eca0e000 	C:\WINDOWS\System32\msvcrt.dll
0x00007ff9eb070000 - 0x00007ff9eb10c000 	C:\WINDOWS\System32\sechost.dll
0x00007ff9ebbf0000 - 0x00007ff9ebd15000 	C:\WINDOWS\System32\RPCRT4.dll
0x00007ff9ecbb0000 - 0x00007ff9ecd50000 	C:\WINDOWS\System32\USER32.dll
0x00007ff9ea510000 - 0x00007ff9ea532000 	C:\WINDOWS\System32\win32u.dll
0x00007ff9df8f0000 - 0x00007ff9dfb8a000 	C:\WINDOWS\WinSxS\amd64_microsoft.windows.common-controls_6595b64144ccf1df_6.0.19041.1110_none_60b5254171f9507e\COMCTL32.dll
0x00007ff9ebd20000 - 0x00007ff9ebd4a000 	C:\WINDOWS\System32\GDI32.dll
0x00007ff9ea6d0000 - 0x00007ff9ea7db000 	C:\WINDOWS\System32\gdi32full.dll
0x00007ff9ea540000 - 0x00007ff9ea5dd000 	C:\WINDOWS\System32\msvcp_win.dll
0x00007ff9dd4b0000 - 0x00007ff9dd4ba000 	C:\WINDOWS\SYSTEM32\VERSION.dll
0x00007ff9eb400000 - 0x00007ff9eb430000 	C:\WINDOWS\System32\IMM32.DLL
0x00007ff9e4eb0000 - 0x00007ff9e4ebc000 	C:\Program Files\Java\jdk-18.0.1\bin\vcruntime140_1.dll
0x00007ff9d5970000 - 0x00007ff9d59fd000 	C:\Program Files\Java\jdk-18.0.1\bin\msvcp140.dll
0x00007ff9a1390000 - 0x00007ff9a1fa0000 	C:\Program Files\Java\jdk-18.0.1\bin\server\jvm.dll
0x00007ff9ec8b0000 - 0x00007ff9ec8b8000 	C:\WINDOWS\System32\PSAPI.DLL
0x00007ff9e8c80000 - 0x00007ff9e8c89000 	C:\WINDOWS\SYSTEM32\WSOCK32.dll
0x00007ff9eb130000 - 0x00007ff9eb19b000 	C:\WINDOWS\System32\WS2_32.dll
0x00007ff9dd560000 - 0x00007ff9dd587000 	C:\WINDOWS\SYSTEM32\WINMM.dll
0x00007ff9e9010000 - 0x00007ff9e9022000 	C:\WINDOWS\SYSTEM32\kernel.appcore.dll
0x00007ff9e3a50000 - 0x00007ff9e3a5a000 	C:\Program Files\Java\jdk-18.0.1\bin\jimage.dll
0x00007ff9e8a70000 - 0x00007ff9e8c54000 	C:\WINDOWS\SYSTEM32\DBGHELP.DLL
0x00007ff9d7bc0000 - 0x00007ff9d7bec000 	C:\WINDOWS\SYSTEM32\dbgcore.DLL
0x00007ff9eaaf0000 - 0x00007ff9eab72000 	C:\WINDOWS\System32\bcryptPrimitives.dll
0x00007ff9e3220000 - 0x00007ff9e3245000 	C:\Program Files\Java\jdk-18.0.1\bin\java.dll
0x00007ff9d5d80000 - 0x00007ff9d5e56000 	C:\Program Files\Java\jdk-18.0.1\bin\jsvml.dll
0x00007ff9ec160000 - 0x00007ff9ec8a4000 	C:\WINDOWS\System32\SHELL32.dll
0x00007ff9e8200000 - 0x00007ff9e8994000 	C:\WINDOWS\SYSTEM32\windows.storage.dll
0x00007ff9ebe00000 - 0x00007ff9ec154000 	C:\WINDOWS\System32\combase.dll
0x00007ff9e9f70000 - 0x00007ff9e9fa0000 	C:\WINDOWS\SYSTEM32\Wldp.dll
0x00007ff9ebd50000 - 0x00007ff9ebdfd000 	C:\WINDOWS\System32\SHCORE.dll
0x00007ff9ecb50000 - 0x00007ff9ecba5000 	C:\WINDOWS\System32\shlwapi.dll
0x00007ff9ea450000 - 0x00007ff9ea46f000 	C:\WINDOWS\SYSTEM32\profapi.dll
0x00007ff9e2e70000 - 0x00007ff9e2e83000 	C:\Program Files\Java\jdk-18.0.1\bin\net.dll
0x00007ff9db650000 - 0x00007ff9db75a000 	C:\WINDOWS\SYSTEM32\WINHTTP.dll
0x00007ff9e9c00000 - 0x00007ff9e9c6a000 	C:\WINDOWS\system32\mswsock.dll
0x00007ff9e2a00000 - 0x00007ff9e2a16000 	C:\Program Files\Java\jdk-18.0.1\bin\nio.dll
0x00007ff9dd130000 - 0x00007ff9dd148000 	C:\Program Files\Java\jdk-18.0.1\bin\zip.dll
0x00007ff9cfb20000 - 0x00007ff9cfcaf000 	C:\Program Files\Java\jdk-18.0.1\bin\awt.dll
0x00007ff9eae60000 - 0x00007ff9eaf2d000 	C:\WINDOWS\System32\OLEAUT32.dll
0x00007ff9e7790000 - 0x00007ff9e7820000 	C:\WINDOWS\SYSTEM32\apphelp.dll
0x00007ff9e7c30000 - 0x00007ff9e7c5f000 	C:\WINDOWS\system32\DWMAPI.DLL
0x00007ff9e7b20000 - 0x00007ff9e7bbe000 	C:\WINDOWS\system32\uxtheme.dll
0x00007ff9cf960000 - 0x00007ff9cfa87000 	C:\WINDOWS\system32\opengl32.dll
0x00007ff9d9730000 - 0x00007ff9d975c000 	C:\WINDOWS\SYSTEM32\GLU32.dll

dbghelp: loaded successfully - version: 4.0.5 - missing functions: none
symbol engine: initialized successfully - sym options: 0x614 - pdb path: .;C:\Program Files\Java\jdk-18.0.1\bin;C:\WINDOWS\SYSTEM32;C:\WINDOWS\WinSxS\amd64_microsoft.windows.common-controls_6595b64144ccf1df_6.0.19041.1110_none_60b5254171f9507e;C:\Program Files\Java\jdk-18.0.1\bin\server

VM Arguments:
jvm_args: -Dfile.encoding=UTF-8 --module-path=C:\Users\ashis\Documents\NetBeansProjects\Hotel Management System\build\classes 
java_command: hotel.management.system.Room
java_class_path (initial): E:\Hotel Management System-20220603T125117Z-001\Hotel Management System\mysql-connector-java-8.0.28.jar;E:\Hotel Management System-20220603T125117Z-001\Hotel Management System\rs2xml.jar;C:\Users\ashis\Documents\NetBeansProjects\Hotel Management System\build\classes
Launcher Type: SUN_STANDARD

[Global flags]
     intx CICompilerCount                          = 3                                         {product} {ergonomic}
     uint ConcGCThreads                            = 1                                         {product} {ergonomic}
     uint G1ConcRefinementThreads                  = 4                                         {product} {ergonomic}
   size_t G1HeapRegionSize                         = 1048576                                   {product} {ergonomic}
    uintx GCDrainStackTargetSize                   = 64                                        {product} {ergonomic}
   size_t InitialHeapSize                          = 134217728                                 {product} {ergonomic}
   size_t MarkStackSize                            = 4194304                                   {product} {ergonomic}
   size_t MaxHeapSize                              = 2124414976                                {product} {ergonomic}
   size_t MaxNewSize                               = 1274019840                                {product} {ergonomic}
   size_t MinHeapDeltaBytes                        = 1048576                                   {product} {ergonomic}
   size_t MinHeapSize                              = 8388608                                   {product} {ergonomic}
    uintx NonNMethodCodeHeapSize                   = 5832780                                {pd product} {ergonomic}
    uintx NonProfiledCodeHeapSize                  = 122912730                              {pd product} {ergonomic}
    uintx ProfiledCodeHeapSize                     = 122912730                              {pd product} {ergonomic}
    uintx ReservedCodeCacheSize                    = 251658240                              {pd product} {ergonomic}
     bool SegmentedCodeCache                       = true                                      {product} {ergonomic}
   size_t SoftMaxHeapSize                          = 2124414976                             {manageable} {ergonomic}
     bool UseCompressedClassPointers               = true                           {product lp64_product} {ergonomic}
     bool UseCompressedOops                        = true                           {product lp64_product} {ergonomic}
     bool UseG1GC                                  = true                                      {product} {ergonomic}
     bool UseLargePagesIndividualAllocation        = false                                  {pd product} {ergonomic}

Logging:
Log output configuration:
 #0: stdout all=warning uptime,level,tags foldmultilines=false
 #1: stderr all=off uptime,level,tags foldmultilines=false

Environment Variables:
PATH=C:\Program Files\Common Files\Oracle\Java\javapath;C:\WINDOWS\system32;C:\WINDOWS;C:\WINDOWS\System32\Wbem;C:\WINDOWS\System32\WindowsPowerShell\v1.0\;C:\WINDOWS\System32\OpenSSH\;C:\Program Files\Git\cmd;C:\Program Files\Java\jdk-17.0.3.1\bin;C:\xampp\mysql\bin;C:\xampp\php;C:\Users\ashis\AppData\Local\Programs\Python\Python310\Scripts\;C:\Users\ashis\AppData\Local\Programs\Python\Python310\;C:\Users\ashis\AppData\Local\Microsoft\WindowsApps;C:\Users\ashis\AppData\Local\Programs\Microsoft VS Code\bin;C:\xampp\php;C:\Program Files\Java\jdk-18.0.1\bin;C:\xampp\mysql\bin;
USERNAME=ashis
OS=Windows_NT
PROCESSOR_IDENTIFIER=Intel64 Family 6 Model 61 Stepping 4, GenuineIntel



---------------  S Y S T E M  ---------------

OS:
 Windows 10 , 64 bit Build 19041 (10.0.19041.1806)
OS uptime: 4 days 21:17 hours

CPU: total 4 (initial active 4) (2 cores per cpu, 2 threads per core) family 6 model 61 stepping 4 microcode 0x2d, cx8, cmov, fxsr, ht, mmx, 3dnowpref, sse, sse2, sse3, ssse3, sse4.1, sse4.2, popcnt, lzcnt, tsc, tscinvbit, avx, avx2, aes, erms, clmul, bmi1, bmi2, adx, fma, vzeroupper, clflush

Memory: 4k page, system-wide physical 8096M (1346M free)
TotalPageFile size 32672M (AvailPageFile size 4M)
current process WorkingSet (physical memory assigned to process): 39M, peak: 39M
current process commit charge ("private bytes"): 206M, peak: 206M

vm_info: Java HotSpot(TM) 64-Bit Server VM (18.0.1+10-24) for windows-amd64 JRE (18.0.1+10-24), built on Mar  9 2022 22:41:56 by "mach5one" with MS VC++ 16.8 / 16.9 (VS2019)

END.
